\BOOKMARK [0][-]{chapter.1}{\376\377\000I\000n\000t\000r\000o\000d\000u\000z\000i\000o\000n\000e}{}% 1
\BOOKMARK [0][-]{chapter.2}{\376\377\000F\000o\000n\000d\000a\000m\000e\000n\000t\000i\000\040\000T\000e\000o\000r\000i\000c\000i}{}% 2
\BOOKMARK [1][-]{section.2.1}{\376\377\000P\000a\000r\000t\000e\000\040\000I\000:\000\040\000L\000o\000g\000i\000c\000a\000\040\000F\000u\000z\000z\000y\000\040\000e\000\040\000C\000l\000u\000s\000t\000e\000r\000i\000n\000g}{chapter.2}% 3
\BOOKMARK [2][-]{subsection.2.1.1}{\376\377\000I\000n\000s\000i\000e\000m\000i\000\040\000F\000u\000z\000z\000y}{section.2.1}% 4
\BOOKMARK [1][-]{section.2.2}{\376\377\000P\000a\000r\000t\000e\000\040\000I\000I\000:\000\040\000S\000i\000s\000t\000e\000m\000i\000\040\000d\000i\000\040\000R\000a\000c\000c\000o\000m\000a\000n\000d\000a\000z\000i\000o\000n\000e}{chapter.2}% 5
\BOOKMARK [2][-]{subsection.2.2.1}{\376\377\000S\000i\000s\000t\000e\000m\000i\000\040\000d\000i\000\040\000r\000a\000c\000c\000o\000m\000a\000n\000d\000a\000z\000i\000o\000n\000e}{section.2.2}% 6
\BOOKMARK [1][-]{section.2.3}{\376\377\000P\000a\000r\000t\000e\000\040\000I\000I\000I\000:\000\040\000C\000l\000u\000s\000t\000e\000r\000i\000n\000g\000\040\000n\000e\000i\000\040\000S\000i\000s\000t\000e\000m\000i\000\040\000d\000i\000\040\000R\000a\000c\000c\000o\000m\000a\000n\000d\000a\000z\000i\000o\000n\000e}{chapter.2}% 7
\BOOKMARK [2][-]{subsection.2.3.1}{\376\377\000C\000l\000u\000s\000t\000e\000r\000i\000n\000g\000\040\000n\000e\000i\000\040\000S\000i\000s\000t\000e\000m\000i\000\040\000d\000i\000\040\000R\000a\000c\000c\000o\000m\000a\000n\000d\000a\000z\000i\000o\000n\000e}{section.2.3}% 8
\BOOKMARK [0][-]{chapter.3}{\376\377\000A\000n\000a\000l\000i\000s\000i\000\040\000E\000s\000p\000l\000o\000r\000a\000t\000i\000v\000a\000\040\000d\000e\000l\000\040\000D\000a\000t\000a\000s\000e\000t}{}% 9
\BOOKMARK [1][-]{section.3.1}{\376\377\000D\000e\000s\000c\000r\000i\000z\000i\000o\000n\000e\000\040\000d\000e\000l\000\040\000D\000a\000t\000a\000s\000e\000t}{chapter.3}% 10
\BOOKMARK [2][-]{subsection.3.1.1}{\376\377\000F\000i\000l\000t\000r\000a\000g\000g\000i\000o\000\040\000e\000\040\000P\000r\000e\000p\000r\000o\000c\000e\000s\000s\000i\000n\000g}{section.3.1}% 11
\BOOKMARK [1][-]{section.3.2}{\376\377\000D\000i\000s\000t\000r\000i\000b\000u\000z\000i\000o\000n\000e\000\040\000d\000e\000l\000l\000e\000\040\000V\000a\000l\000u\000t\000a\000z\000i\000o\000n\000i}{chapter.3}% 12
\BOOKMARK [2][-]{subsection.3.2.1}{\376\377\000V\000a\000l\000u\000t\000a\000z\000i\000o\000n\000i\000\040\000p\000e\000r\000\040\000u\000t\000e\000n\000t\000e\000\040\000e\000\040\000p\000e\000r\000\040\000f\000i\000l\000m}{section.3.2}% 13
\BOOKMARK [1][-]{section.3.3}{\376\377\000S\000p\000a\000r\000s\000i\000t\000\340\000\040\000d\000e\000l\000l\000a\000\040\000M\000a\000t\000r\000i\000c\000e\000\040\000U\000t\000e\000n\000t\000e\000-\000I\000t\000e\000m}{chapter.3}% 14
\BOOKMARK [2][-]{subsection.3.3.1}{\376\377\000C\000o\000r\000r\000e\000l\000a\000z\000i\000o\000n\000i\000\040\000t\000r\000a\000\040\000U\000t\000e\000n\000t\000i\000\040\000e\000\040\000t\000r\000a\000\040\000F\000i\000l\000m}{section.3.3}% 15
\BOOKMARK [2][-]{subsection.3.3.2}{\376\377\000A\000n\000a\000l\000i\000s\000i\000\040\000d\000e\000i\000\040\000G\000e\000n\000e\000r\000i}{section.3.3}% 16
\BOOKMARK [1][-]{section.3.4}{\376\377\000M\000o\000v\000i\000e\000L\000e\000n\000s\000\040\0001\000M}{chapter.3}% 17
\BOOKMARK [0][-]{chapter.4}{\376\377\000I\000m\000p\000l\000e\000m\000e\000n\000t\000a\000z\000i\000o\000n\000e\000\040\000d\000e\000l\000\040\000S\000i\000s\000t\000e\000m\000a}{}% 18
\BOOKMARK [1][-]{section.4.1}{\376\377\000A\000r\000c\000h\000i\000t\000e\000t\000t\000u\000r\000a\000\040\000d\000e\000l\000\040\000S\000i\000s\000t\000e\000m\000a}{chapter.4}% 19
\BOOKMARK [2][-]{subsection.4.1.1}{\376\377\000P\000i\000p\000e\000l\000i\000n\000e\000\040\000S\000p\000e\000r\000i\000m\000e\000n\000t\000a\000l\000e}{section.4.1}% 20
\BOOKMARK [1][-]{section.4.2}{\376\377\000E\000s\000e\000c\000u\000z\000i\000o\000n\000e\000\040\000d\000e\000l\000\040\000S\000i\000s\000t\000e\000m\000a}{chapter.4}% 21
\BOOKMARK [2][-]{subsection.4.2.1}{\376\377\000O\000r\000c\000h\000e\000s\000t\000r\000a\000z\000i\000o\000n\000e\000\040\000d\000e\000g\000l\000i\000\040\000E\000s\000p\000e\000r\000i\000m\000e\000n\000t\000i}{section.4.2}% 22
\BOOKMARK [2][-]{subsection.4.2.2}{\376\377\000G\000e\000s\000t\000i\000o\000n\000e\000\040\000D\000a\000t\000i}{section.4.2}% 23
\BOOKMARK [2][-]{subsection.4.2.3}{\376\377\000N\000o\000r\000m\000a\000l\000i\000z\000z\000a\000z\000i\000o\000n\000e}{section.4.2}% 24
\BOOKMARK [2][-]{subsection.4.2.4}{\376\377\000A\000l\000g\000o\000r\000i\000t\000m\000i\000\040\000d\000i\000\040\000C\000l\000u\000s\000t\000e\000r\000i\000n\000g}{section.4.2}% 25
\BOOKMARK [2][-]{subsection.4.2.5}{\376\377\000S\000t\000r\000a\000t\000e\000g\000i\000e\000\040\000d\000i\000\040\000D\000e\000f\000u\000z\000z\000i\000f\000i\000c\000a\000z\000i\000o\000n\000e}{section.4.2}% 26
\BOOKMARK [2][-]{subsection.4.2.6}{\376\377\000S\000e\000l\000e\000z\000i\000o\000n\000e\000\040\000d\000e\000i\000\040\000V\000i\000c\000i\000n\000i}{section.4.2}% 27
\BOOKMARK [1][-]{section.4.3}{\376\377\000V\000a\000l\000u\000t\000a\000z\000i\000o\000n\000e\000\040\000e\000\040\000V\000i\000s\000u\000a\000l\000i\000z\000z\000a\000z\000i\000o\000n\000e\000\040\000d\000e\000l\000l\000e\000\040\000P\000e\000r\000f\000o\000r\000m\000a\000n\000c\000e}{chapter.4}% 28
\BOOKMARK [0][-]{chapter.5}{\376\377\000R\000i\000s\000u\000l\000t\000a\000t\000i\000\040\000S\000p\000e\000r\000i\000m\000e\000n\000t\000a\000l\000i}{}% 29
\BOOKMARK [1][-]{section.5.1}{\376\377\000M\000e\000t\000r\000i\000c\000h\000e}{chapter.5}% 30
\BOOKMARK [2][-]{subsection.5.1.1}{\376\377\000M\000e\000t\000r\000i\000c\000h\000e\000\040\000d\000i\000\040\000E\000r\000r\000o\000r\000e\000\040\000P\000r\000e\000d\000i\000t\000t\000i\000v\000o}{section.5.1}% 31
\BOOKMARK [2][-]{subsection.5.1.2}{\376\377\000M\000e\000t\000r\000i\000c\000h\000e\000\040\000d\000i\000\040\000Q\000u\000a\000l\000i\000t\000\340\000\040\000d\000e\000l\000l\000e\000\040\000R\000a\000c\000c\000o\000m\000a\000n\000d\000a\000z\000i\000o\000n\000i}{section.5.1}% 32
\BOOKMARK [1][-]{section.5.2}{\376\377\000R\000u\000n\000\040\000S\000a\000m\000p\000l\000e}{chapter.5}% 33
\BOOKMARK [2][-]{subsection.5.2.1}{\376\377\000R\000i\000s\000u\000l\000t\000a\000t\000i\000\040\000i\000n\000\040\000T\000r\000a\000i\000n}{section.5.2}% 34
\BOOKMARK [2][-]{subsection.5.2.2}{\376\377\000R\000i\000s\000u\000l\000t\000a\000t\000i\000\040\000i\000n\000\040\000T\000e\000s\000t}{section.5.2}% 35
\BOOKMARK [2][-]{subsection.5.2.3}{\376\377\000C\000o\000n\000c\000l\000u\000s\000i\000o\000n\000i\000\040\000R\000u\000n\000\040\000S\000a\000m\000p\000l\000e}{section.5.2}% 36
\BOOKMARK [1][-]{section.5.3}{\376\377\000R\000u\000n\000\040\000F\000C\000M}{chapter.5}% 37
\BOOKMARK [2][-]{subsection.5.3.1}{\376\377\000T\000r\000a\000i\000n\000\040\000R\000M\000S\000E}{section.5.3}% 38
\BOOKMARK [2][-]{subsection.5.3.2}{\376\377\000T\000e\000s\000t\000\040\000R\000M\000S\000E}{section.5.3}% 39
\BOOKMARK [2][-]{subsection.5.3.3}{\376\377\000T\000r\000a\000i\000n\000\040\000e\000\040\000T\000e\000s\000t\000\040\000M\000A\000E}{section.5.3}% 40
\BOOKMARK [2][-]{subsection.5.3.4}{\376\377\000C\000o\000n\000c\000l\000u\000s\000i\000o\000n\000i\000\040\000R\000u\000n\000\040\000F\000C\000M}{section.5.3}% 41
\BOOKMARK [1][-]{section.5.4}{\376\377\000R\000u\000n\000\040\000K\000-\000M\000e\000a\000n\000s}{chapter.5}% 42
\BOOKMARK [2][-]{subsection.5.4.1}{\376\377\000T\000r\000a\000i\000n\000\040\000R\000M\000S\000E}{section.5.4}% 43
\BOOKMARK [2][-]{subsection.5.4.2}{\376\377\000T\000e\000s\000t\000\040\000R\000M\000S\000E}{section.5.4}% 44
\BOOKMARK [2][-]{subsection.5.4.3}{\376\377\000T\000r\000a\000i\000n\000\040\000M\000A\000E}{section.5.4}% 45
\BOOKMARK [2][-]{subsection.5.4.4}{\376\377\000T\000e\000s\000t\000\040\000M\000A\000E}{section.5.4}% 46
\BOOKMARK [2][-]{subsection.5.4.5}{\376\377\000C\000o\000n\000c\000l\000u\000s\000i\000o\000n\000i\000\040\000R\000u\000n\000\040\000K\000-\000M\000e\000a\000n\000s}{section.5.4}% 47
\BOOKMARK [0][-]{chapter.6}{\376\377\000C\000o\000n\000c\000l\000u\000s\000i\000o\000n\000i\000\040\000e\000\040\000S\000v\000i\000l\000u\000p\000p\000i\000\040\000F\000u\000t\000u\000r\000i}{}% 48
\BOOKMARK [1][-]{section.6.1}{\376\377\000C\000o\000n\000c\000l\000u\000s\000i\000o\000n\000i}{chapter.6}% 49
\BOOKMARK [1][-]{section.6.2}{\376\377\000S\000v\000i\000l\000u\000p\000p\000i\000\040\000F\000u\000t\000u\000r\000i}{chapter.6}% 50
\BOOKMARK [0][-]{appendix.Alph1}{\376\377\000A\000p\000p\000e\000n\000d\000i\000c\000e\000\040\000A\000:\000\040\000R\000e\000p\000o\000s\000i\000t\000o\000r\000y\000\040\000d\000e\000l\000\040\000P\000r\000o\000g\000e\000t\000t\000o}{}% 51
\BOOKMARK [1][-]{section.Alph1.1}{\376\377\000L\000i\000n\000k\000\040\000a\000l\000l\000a\000\040\000R\000e\000p\000o\000s\000i\000t\000o\000r\000y}{appendix.Alph1}% 52
